feature/auth/ui/build/intermediates/manifest_merge_blame_file/debug/processDebugManifest/manifest-merger-blame-debug-report.txt
1<?xml version="1.0" encoding="utf-8"?>
2<manifest xmlns:android="http://schemas.android.com/apk/res/android"
3    package="gaur.himanshu.ui" >
4
5    <uses-sdk android:minSdkVersion="24" />
6
7    <application>
7-->src/main/AndroidManifest.xml:4:5-10:19
8        <activity
8-->src/main/AndroidManifest.xml:5:9-9:62
9            android:name="gaur.himanshu.ui.MainActivity"
9-->src/main/AndroidManifest.xml:6:13-41
10            android:exported="false"
10-->src/main/AndroidManifest.xml:7:13-37
11            android:label="@string/title_activity_main"
11-->src/main/AndroidManifest.xml:8:13-56
12            android:theme="@style/Theme.ComposeNavigation" />
12-->src/main/AndroidManifest.xml:9:13-59
13    </application>
14
15</manifest>